<?xml version="1.0" encoding="UTF-8"?>
<testsuite name="MaintainerTest" tests="1" skipped="0" failures="0" errors="0" timestamp="2019-09-16T05:55:45" hostname="customer.sharktech.net" time="0.042">
  <properties/>
  <testcase name="shouldOutputMaintainerInformation" classname="MaintainerTest" time="0.042"/>
  <system-out><![CDATA[Project maintained by Diabol AB
]]></system-out>
  <system-err><![CDATA[]]></system-err>
</testsuite>
